2024-06-18T15:15:39+00:00 DEBUG POST: https://ads.tiktok.com/marketing_api/api/developer/app/create_auto_approve/

{"business_platform":"PROD","smb_id":"tt4b_woocommerce_6671a49aed78ahttplocalhostwordpresswp-admin","smb_name":"PROD","redirect_url":"http:\/\/localhost\/wordpress\/wp-admin\/"}
 ajax: no
2024-06-18T15:15:39+00:00 DEBUG Tt4b_Mapi_Class::create_open_source_app: Response: 

HTTP/1.1 200 OK
Content-Type: application/json
X-Tt-Logid: 20240618151536F09557818A13A422CC38,20240618151536F09557818A13A422CC38
Strict-Transport-Security: max-age=31536000; includeSubDomains
Server-Timing: inner; dur=160
x-tt-trace-host: 011bb322217516e471c27678fd06903c0224061c48ff240491a64902196916e4bde9421ee08a3045ceb9dfa134fbf2900459c23c7a78bfaec13958a217d3e4f86955421315298642856da79e1882b587cebb8e3467630abc435599f39b51aaa717
x-tt-trace-id: 00-240618151536F09557818A13A422CC38-35BC568B47163D99-00
Server: TLB
Content-Encoding: gzip
Date: Tue, 18 Jun 2024 15:15:37 GMT
Content-Length: 207
X-Cache: TCP_MISS from a113-171-12-188.deploy.akamaitechnologies.com (AkamaiGHost/11.5.2-56372494) (-)
Connection: close
Vary: Accept-Encoding
x-tt-trace-tag: id=16;cdn-cache=miss;type=dyn
Server-Timing: cdn-cache; desc=MISS, edge; dur=3, origin; dur=209
X-Origin-Response-Time: 210,113.171.12.188
X-Akamai-Request-ID: 6f06e66a

{"code":0,"msg":"ok","data":{"app_id":"7381862243274588161","app_secret":"06df825d443e29d23aec0bda3265b4e168a6c6cb","external_data_key":"55b02b96-1139-4fd9-82e5-b374cae2e890","redirect_uri":"http:\/\/localhost\/wordpress\/wp-admin\/"}}

